<?xml version="1.0" encoding="UTF-8"?>
<!-- Generated by org.testng.reporters.JUnitReportReporter -->
<testsuite skipped="0" hostname="LAPTOP-C7HGNBTL" name="com.seleniumeasy.qa.testcases.HomePageTest" tests="4" failures="0" timestamp="19 Jun 2021 12:28:39 GMT" time="43.183" errors="0">
  <testcase name="HomePageTitleTest" time="9.149" classname="com.seleniumeasy.qa.testcases.HomePageTest"/>
  <testcase name="SeleniumEasyLogoTest" time="7.886" classname="com.seleniumeasy.qa.testcases.HomePageTest"/>
  <testcase name="stratTest" time="11.353" classname="com.seleniumeasy.qa.testcases.HomePageTest"/>
  <testcase name="navigateSimpleFormToHome" time="14.795" classname="com.seleniumeasy.qa.testcases.HomePageTest"/>
</testsuite> <!-- com.seleniumeasy.qa.testcases.HomePageTest -->
