<?xml version="1.0" encoding="UTF-8"?>
<!-- Generated by org.testng.reporters.JUnitReportReporter -->
<testsuite skipped="0" hostname="LAPTOP-C7HGNBTL" name="com.seleniumeasy.qa.testcases.HomePageTest" tests="4" failures="0" timestamp="27 Jun 2021 09:17:06 GMT" time="60.496" errors="0">
  <testcase name="HomePageTitleTest" time="21.748" classname="com.seleniumeasy.qa.testcases.HomePageTest"/>
  <testcase name="SeleniumEasyLogoTest" time="14.053" classname="com.seleniumeasy.qa.testcases.HomePageTest"/>
  <testcase name="stratTest" time="13.478" classname="com.seleniumeasy.qa.testcases.HomePageTest"/>
  <testcase name="navigateSimpleFormToHome" time="11.217" classname="com.seleniumeasy.qa.testcases.HomePageTest"/>
</testsuite> <!-- com.seleniumeasy.qa.testcases.HomePageTest -->
